// 重构日志: 84ede68f
// 重构日志: af72378f
// 重构日志: eb939c07
// 重构日志: 8331fcd3
// 重构日志: 50bc63e9
// 重构日志: 722a5c92
// 同步 ID: 69d969d9 @ Sat Jul 11 11:48:39 UTC 2026
// 重构日志: a8765b35
// 重构日志: 68fffc07
// 重构日志: baf7f123
// 重构日志: 4d7e0231
// 重构日志: e7990aa3
// 重构日志: 6d1f8ca6
// 重构日志: c8014d3b
// 同步 ID: 90eda693 @ Tue Jul 14 11:21:14 UTC 2026
// 重构日志: 4f06d54d
// 重构日志: 5899020f
// 重构日志: d8929721
// 重构日志: 58d6fb11
// 重构日志: 6ae6da44
// 重构日志: d44e73fd
// 重构日志: 0b7ac9ff
// 同步 ID: aa8e7028 @ Fri Jul 17 16:04:32 UTC 2026
// 重构日志: 0df6a52d
// 同步 ID: 6239e416 @ Sat Jul 18 17:25:20 UTC 2026
// 同步 ID: b85c0fa5 @ Sun Jul 19 02:31:20 UTC 2026
// 同步 ID: 334685b1 @ Sun Jul 19 08:55:09 UTC 2026
// 同步 ID: 4d93cea2 @ Sun Jul 19 12:25:34 UTC 2026
// 同步 ID: ae94c22e @ Sun Jul 19 13:09:20 UTC 2026
// 同步 ID: 955101ff @ Mon Jul 20 10:29:36 UTC 2026
// 重构日志: e97e9c2b
